<?xml version="1.0" encoding="UTF-8"?>
<testsuite xmlns:xsi="http://www.w3.org/2001/XMLSchema-instance" xsi:noNamespaceSchemaLocation="https://maven.apache.org/surefire/maven-surefire-plugin/xsd/surefire-test-report.xsd" version="3.0.2" name="com.jdc.workspaceblogs.WorkSpaceBlogsApplicationTests" time="6.808" tests="1" errors="0" skipped="0" failures="0">
  <properties>
[...]
</properties>
  <testcase name="contextLoads" classname="com.jdc.workspaceblogs.WorkSpaceBlogsApplicationTests" time="0.781">
    <system-out><![CDATA[10:34:11.295 [main] INFO org.springframework.test.context.support.AnnotationConfigContextLoaderUtils -- Could not detect default configuration classes for test class [com.jdc.workspaceblogs.WorkSpaceBlogsApplicationTests]: WorkSpaceBlogsApplicationTests does not declare any static, non-private, non-final, nested classes annotated with @Configuration.
10:34:11.466 [main] INFO org.springframework.boot.test.context.SpringBootTestContextBootstrapper -- Found @SpringBootConfiguration com.jdc.workspaceblogs.WorkSpaceBlogsApplication for test class com.jdc.workspaceblogs.WorkSpaceBlogsApplicationTests

  .   ____          _            __ _ _
 /\\ / ___'_ __ _ _(_)_ __  __ _ \ \ \ \
( ( )\___ | '_ | '_| | '_ \/ _` | \ \ \ \
 \\/  ___)| |_)| | | | | || (_| |  ) ) ) )
  '  |____| .__|_| |_|_| |_\__, | / / / /
 =========|_|==============|___/=/_/_/_/

 :: Spring Boot ::                (v3.4.4)

2025-04-22T10:34:12.135-05:00  INFO 12324 --- [WorkSpaceBlogs] [           main] c.j.w.WorkSpaceBlogsApplicationTests     : Starting WorkSpaceBlogsApplicationTests using Java 21.0.2 with PID 12324 (started by DELL in C:\desarrollo\jdc\spring\WorkSpaceBlogs)
2025-04-22T10:34:12.138-05:00  INFO 12324 --- [WorkSpaceBlogs] [           main] c.j.w.WorkSpaceBlogsApplicationTests     : No active profile set, falling back to 1 default profile: "default"
2025-04-22T10:34:13.052-05:00  INFO 12324 --- [WorkSpaceBlogs] [           main] .s.d.r.c.RepositoryConfigurationDelegate : Bootstrapping Spring Data JPA repositories in DEFAULT mode.
2025-04-22T10:34:13.149-05:00  INFO 12324 --- [WorkSpaceBlogs] [           main] .s.d.r.c.RepositoryConfigurationDelegate : Finished Spring Data repository scanning in 71 ms. Found 1 JPA repository interface.
2025-04-22T10:34:14.405-05:00  INFO 12324 --- [WorkSpaceBlogs] [           main] o.s.o.j.p.SpringPersistenceUnitInfo      : No LoadTimeWeaver setup: ignoring JPA class transformer
2025-04-22T10:34:14.454-05:00  INFO 12324 --- [WorkSpaceBlogs] [           main] com.zaxxer.hikari.HikariDataSource       : HikariPool-1 - Starting...
2025-04-22T10:34:14.790-05:00  INFO 12324 --- [WorkSpaceBlogs] [           main] com.zaxxer.hikari.pool.HikariPool        : HikariPool-1 - Added connection org.postgresql.jdbc.PgConnection@2ba024cb
2025-04-22T10:34:14.791-05:00  INFO 12324 --- [WorkSpaceBlogs] [           main] com.zaxxer.hikari.HikariDataSource       : HikariPool-1 - Start completed.
2025-04-22T10:34:16.093-05:00  INFO 12324 --- [WorkSpaceBlogs] [           main] j.LocalContainerEntityManagerFactoryBean : Initialized JPA EntityManagerFactory for persistence unit 'default'
2025-04-22T10:34:16.582-05:00  WARN 12324 --- [WorkSpaceBlogs] [           main] JpaBaseConfiguration$JpaWebConfiguration : spring.jpa.open-in-view is enabled by default. Therefore, database queries may be performed during view rendering. Explicitly configure spring.jpa.open-in-view to disable this warning
2025-04-22T10:34:17.114-05:00  INFO 12324 --- [WorkSpaceBlogs] [           main] c.j.w.WorkSpaceBlogsApplicationTests     : Started WorkSpaceBlogsApplicationTests in 5.411 seconds (process running for 6.793)
]]></system-out>
    <system-err><![CDATA[Mockito is currently self-attaching to enable the inline-mock-maker. This will no longer work in future releases of the JDK. Please add Mockito as an agent to your build what is described in Mockito's documentation: https://javadoc.io/doc/org.mockito/mockito-core/latest/org/mockito/Mockito.html#0.3
WARNING: A Java agent has been loaded dynamically (C:\Users\DELL\.m2\repository\net\bytebuddy\byte-buddy-agent\1.15.11\byte-buddy-agent-1.15.11.jar)
WARNING: If a serviceability tool is in use, please run with -XX:+EnableDynamicAgentLoading to hide this warning
WARNING: If a serviceability tool is not in use, please run with -Djdk.instrument.traceUsage for more information
WARNING: Dynamic loading of agents will be disallowed by default in a future release
]]></system-err>
  </testcase>
</testsuite>